<?xml version="1.0" encoding="UTF-8"?>
<testng-results ignored="0" total="1" passed="0" failed="1" skipped="0">
  <reporter-output>
  </reporter-output>
  <suite started-at="2021-05-28T09:50:13 CDT" name="Default suite" finished-at="2021-05-28T09:50:14 CDT" duration-ms="223">
    <groups>
    </groups>
    <test started-at="2021-05-28T09:50:13 CDT" name="Default test" finished-at="2021-05-28T09:50:14 CDT" duration-ms="223">
      <class name="configurationDemo.TestSeleniumChrome">
        <test-method is-config="true" signature="Setup()[pri:0, instance:configurationDemo.TestSeleniumChrome@2e8c1c9b]" started-at="2021-05-28T09:50:13 CDT" name="Setup" finished-at="2021-05-28T09:50:13 CDT" duration-ms="91" status="PASS">
          <reporter-output>
          </reporter-output>
        </test-method> <!-- Setup -->
        <test-method signature="TestChrome()[pri:0, instance:configurationDemo.TestSeleniumChrome@2e8c1c9b]" started-at="2021-05-28T09:50:14 CDT" name="TestChrome" finished-at="2021-05-28T09:50:14 CDT" duration-ms="82" status="FAIL">
          <exception class="java.lang.AbstractMethodError">
            <message>
              <![CDATA[Receiver class org.openqa.selenium.chrome.ChromeDriverService$Builder does not define or inherit an implementation of the resolved method 'abstract org.openqa.selenium.remote.service.DriverService createDriverService(java.io.File, int, com.google.common.collect.ImmutableList, com.google.common.collect.ImmutableMap)' of abstract class org.openqa.selenium.remote.service.DriverService$Builder.]]>
            </message>
            <full-stacktrace>
              <![CDATA[java.lang.AbstractMethodError: Receiver class org.openqa.selenium.chrome.ChromeDriverService$Builder does not define or inherit an implementation of the resolved method 'abstract org.openqa.selenium.remote.service.DriverService createDriverService(java.io.File, int, com.google.common.collect.ImmutableList, com.google.common.collect.ImmutableMap)' of abstract class org.openqa.selenium.remote.service.DriverService$Builder.
at org.openqa.selenium.remote.service.DriverService$Builder.build(DriverService.java:360)
at org.openqa.selenium.chrome.ChromeDriverService.createDefaultService(ChromeDriverService.java:118)
at org.openqa.selenium.chrome.ChromeDriver.<init>(ChromeDriver.java:105)
at configurationDemo.TestSeleniumChrome.TestChrome(TestSeleniumChrome.java:32)
at java.base/jdk.internal.reflect.NativeMethodAccessorImpl.invoke0(Native Method)
at java.base/jdk.internal.reflect.NativeMethodAccessorImpl.invoke(NativeMethodAccessorImpl.java:64)
at java.base/jdk.internal.reflect.DelegatingMethodAccessorImpl.invoke(DelegatingMethodAccessorImpl.java:43)
at java.base/java.lang.reflect.Method.invoke(Method.java:564)
at org.testng.internal.MethodInvocationHelper.invokeMethod(MethodInvocationHelper.java:132)
at org.testng.internal.TestInvoker.invokeMethod(TestInvoker.java:599)
at org.testng.internal.TestInvoker.invokeTestMethod(TestInvoker.java:174)
at org.testng.internal.MethodRunner.runInSequence(MethodRunner.java:46)
at org.testng.internal.TestInvoker$MethodInvocationAgent.invoke(TestInvoker.java:822)
at org.testng.internal.TestInvoker.invokeTestMethods(TestInvoker.java:147)
at org.testng.internal.TestMethodWorker.invokeTestMethods(TestMethodWorker.java:146)
at org.testng.internal.TestMethodWorker.run(TestMethodWorker.java:128)
at java.base/java.util.ArrayList.forEach(ArrayList.java:1511)
at org.testng.TestRunner.privateRun(TestRunner.java:764)
at org.testng.TestRunner.run(TestRunner.java:585)
at org.testng.SuiteRunner.runTest(SuiteRunner.java:384)
at org.testng.SuiteRunner.runSequentially(SuiteRunner.java:378)
at org.testng.SuiteRunner.privateRun(SuiteRunner.java:337)
at org.testng.SuiteRunner.run(SuiteRunner.java:286)
at org.testng.SuiteRunnerWorker.runSuite(SuiteRunnerWorker.java:53)
at org.testng.SuiteRunnerWorker.run(SuiteRunnerWorker.java:96)
at org.testng.TestNG.runSuitesSequentially(TestNG.java:1218)
at org.testng.TestNG.runSuitesLocally(TestNG.java:1140)
at org.testng.TestNG.runSuites(TestNG.java:1069)
at org.testng.TestNG.run(TestNG.java:1037)
at org.testng.remote.AbstractRemoteTestNG.run(AbstractRemoteTestNG.java:115)
at org.testng.remote.RemoteTestNG.initAndRun(RemoteTestNG.java:251)
at org.testng.remote.RemoteTestNG.main(RemoteTestNG.java:77)
]]>
            </full-stacktrace>
          </exception> <!-- java.lang.AbstractMethodError -->
          <reporter-output>
          </reporter-output>
        </test-method> <!-- TestChrome -->
      </class> <!-- configurationDemo.TestSeleniumChrome -->
    </test> <!-- Default test -->
  </suite> <!-- Default suite -->
</testng-results>
